<?xml version="1.0" encoding="UTF-8"?>
<!-- Generated by org.testng.reporters.JUnitReportReporter -->
<testsuite skipped="0" hostname="Nicoles-Mac.local" name="test.androidCreateAccountTest" tests="2" failures="0" timestamp="07 Mar 2019 20:27:01 GMT" time="5.749" errors="0">
  <testcase name="TestCreateAccountScreenDisplay" time="1.490" classname="test.androidCreateAccountTest"/>
  <testcase name="TestNavigateToCreateAccountScreen" time="4.259" classname="test.androidCreateAccountTest"/>
</testsuite> <!-- test.androidCreateAccountTest -->
