<?xml version="1.0" encoding="UTF-8"?>
<!-- Generated by org.testng.reporters.JUnitReportReporter -->
<testsuite skipped="0" hostname="NBARTON-MAC" name="testngFIles.Annotations" tests="1" failures="0" timestamp="29 Oct 2018 03:39:19 GMT" time="0.007" errors="0">
  <testcase name="OpeningBrowser" time="0.007" classname="testngFIles.Annotations"/>
</testsuite> <!-- testngFIles.Annotations -->
