<?xml version="1.0" encoding="UTF-8"?>
<!-- Generated by org.testng.reporters.JUnitReportReporter -->
<testsuite skipped="0" hostname="NBARTON-MAC" name="testngFiles.iOSTests" tests="3" failures="0" timestamp="29 Oct 2018 17:48:26 GMT" time="20.668" errors="0">
  <testcase name="TextInputTest" time="6.210" classname="testngFiles.iOSTests"/>
  <testcase name="ScrollAndReadValue" time="7.041" classname="testngFiles.iOSTests"/>
  <testcase name="PickerView" time="7.417" classname="testngFiles.iOSTests"/>
</testsuite> <!-- testngFiles.iOSTests -->
